<?xml version="1.0" encoding="UTF-8"?>
<!-- Generated by org.testng.reporters.JUnitXMLReporter -->
<testsuite ignored="0" hostname="Shekhar-PC" failures="0" tests="3" name="Test" time="52.829" errors="0" timestamp="02 Mar 2019 09:46:20 GMT">
  <testcase classname="com.actiTime.test.TC02Test" name="testTC02" time="19.716"/>
  <testcase classname="com.actiTime.test.TC03Test" name="testTC03" time="0.323"/>
  <testcase classname="com.actiTime.test.TC04Test" name="testTC04" time="9.688"/>
</testsuite> <!-- Test -->
