<?xml version="1.0" encoding="UTF-8"?>
<testng-results ignored="0" total="1" passed="1" failed="0" skipped="0">
  <reporter-output>
    <line>
      <![CDATA[UserName :admin]]>
    </line>
    <line>
      <![CDATA[Password :manager]]>
    </line>
    <line>
      <![CDATA[click on login button]]>
    </line>
    <line>
      <![CDATA[Click on UserMenu :]]>
    </line>
    <line>
      <![CDATA[Click on Add user button :]]>
    </line>
    <line>
      <![CDATA[Enter first name :shekhar]]>
    </line>
    <line>
      <![CDATA[Enter middle name :m]]>
    </line>
    <line>
      <![CDATA[Enter last name :pakale]]>
    </line>
    <line>
      <![CDATA[Enter email id :shekhar.pakale@gmail.com]]>
    </line>
    <line>
      <![CDATA[Enter user name :shekhar123]]>
    </line>
    <line>
      <![CDATA[Enter password :pass123]]>
    </line>
    <line>
      <![CDATA[Enter confirm password :pass123]]>
    </line>
    <line>
      <![CDATA[Click on Date picker :[[FirefoxDriver: firefox on WINDOWS (476194df-5ca1-4983-8c02-7b83f3652f05)] -> xpath: //table[@class='x-date-inner']//td]]]>
    </line>
    <line>
      <![CDATA[Click on Date picker :[[FirefoxDriver: firefox on WINDOWS (476194df-5ca1-4983-8c02-7b83f3652f05)] -> xpath: //table[@class='x-date-inner']//td]]]>
    </line>
    <line>
      <![CDATA[Click on Date picker :[[FirefoxDriver: firefox on WINDOWS (476194df-5ca1-4983-8c02-7b83f3652f05)] -> xpath: //table[@class='x-date-inner']//td]]]>
    </line>
    <line>
      <![CDATA[Click on Date picker :[[FirefoxDriver: firefox on WINDOWS (476194df-5ca1-4983-8c02-7b83f3652f05)] -> xpath: //table[@class='x-date-inner']//td]]]>
    </line>
    <line>
      <![CDATA[Click on Date picker :[[FirefoxDriver: firefox on WINDOWS (476194df-5ca1-4983-8c02-7b83f3652f05)] -> xpath: //table[@class='x-date-inner']//td]]]>
    </line>
    <line>
      <![CDATA[Click on Date picker :[[FirefoxDriver: firefox on WINDOWS (476194df-5ca1-4983-8c02-7b83f3652f05)] -> xpath: //table[@class='x-date-inner']//td]]]>
    </line>
    <line>
      <![CDATA[Click on Date picker :[[FirefoxDriver: firefox on WINDOWS (476194df-5ca1-4983-8c02-7b83f3652f05)] -> xpath: //table[@class='x-date-inner']//td]]]>
    </line>
    <line>
      <![CDATA[Click on Date picker :[[FirefoxDriver: firefox on WINDOWS (476194df-5ca1-4983-8c02-7b83f3652f05)] -> xpath: //table[@class='x-date-inner']//td]]]>
    </line>
    <line>
      <![CDATA[Click on Date picker :[[FirefoxDriver: firefox on WINDOWS (476194df-5ca1-4983-8c02-7b83f3652f05)] -> xpath: //table[@class='x-date-inner']//td]]]>
    </line>
    <line>
      <![CDATA[Click on Date picker :[[FirefoxDriver: firefox on WINDOWS (476194df-5ca1-4983-8c02-7b83f3652f05)] -> xpath: //table[@class='x-date-inner']//td]]]>
    </line>
    <line>
      <![CDATA[Click on Date picker :[[FirefoxDriver: firefox on WINDOWS (476194df-5ca1-4983-8c02-7b83f3652f05)] -> xpath: //table[@class='x-date-inner']//td]]]>
    </line>
    <line>
      <![CDATA[Click on Date picker :[[FirefoxDriver: firefox on WINDOWS (476194df-5ca1-4983-8c02-7b83f3652f05)] -> xpath: //table[@class='x-date-inner']//td]]]>
    </line>
    <line>
      <![CDATA[Click on Date picker :[[FirefoxDriver: firefox on WINDOWS (476194df-5ca1-4983-8c02-7b83f3652f05)] -> xpath: //table[@class='x-date-inner']//td]]]>
    </line>
    <line>
      <![CDATA[Click on Date picker :[[FirefoxDriver: firefox on WINDOWS (476194df-5ca1-4983-8c02-7b83f3652f05)] -> xpath: //table[@class='x-date-inner']//td]]]>
    </line>
    <line>
      <![CDATA[Click on Date picker :[[FirefoxDriver: firefox on WINDOWS (476194df-5ca1-4983-8c02-7b83f3652f05)] -> xpath: //table[@class='x-date-inner']//td]]]>
    </line>
    <line>
      <![CDATA[Click on Date picker :[[FirefoxDriver: firefox on WINDOWS (476194df-5ca1-4983-8c02-7b83f3652f05)] -> xpath: //table[@class='x-date-inner']//td]]]>
    </line>
    <line>
      <![CDATA[Click on Date picker :[[FirefoxDriver: firefox on WINDOWS (476194df-5ca1-4983-8c02-7b83f3652f05)] -> xpath: //table[@class='x-date-inner']//td]]]>
    </line>
    <line>
      <![CDATA[Click on Date picker :[[FirefoxDriver: firefox on WINDOWS (476194df-5ca1-4983-8c02-7b83f3652f05)] -> xpath: //table[@class='x-date-inner']//td]]]>
    </line>
    <line>
      <![CDATA[Click on Date picker :[[FirefoxDriver: firefox on WINDOWS (476194df-5ca1-4983-8c02-7b83f3652f05)] -> xpath: //table[@class='x-date-inner']//td]]]>
    </line>
    <line>
      <![CDATA[Click on Date picker :[[FirefoxDriver: firefox on WINDOWS (476194df-5ca1-4983-8c02-7b83f3652f05)] -> xpath: //table[@class='x-date-inner']//td]]]>
    </line>
    <line>
      <![CDATA[Click on Date picker :[[FirefoxDriver: firefox on WINDOWS (476194df-5ca1-4983-8c02-7b83f3652f05)] -> xpath: //table[@class='x-date-inner']//td]]]>
    </line>
    <line>
      <![CDATA[Click on Date picker :[[FirefoxDriver: firefox on WINDOWS (476194df-5ca1-4983-8c02-7b83f3652f05)] -> xpath: //table[@class='x-date-inner']//td]]]>
    </line>
    <line>
      <![CDATA[Click on Date picker :[[FirefoxDriver: firefox on WINDOWS (476194df-5ca1-4983-8c02-7b83f3652f05)] -> xpath: //table[@class='x-date-inner']//td]]]>
    </line>
    <line>
      <![CDATA[scroll the page :]]>
    </line>
    <line>
      <![CDATA[clickOnCorporateSett :]]>
    </line>
    <line>
      <![CDATA[clearWorkSchedule :]]>
    </line>
    <line>
      <![CDATA[enterWorkSchedule : ]]>
    </line>
    <line>
      <![CDATA[clickOnEnterTimeTrack :]]>
    </line>
    <line>
      <![CDATA[clickOnManageCustProject :]]>
    </line>
    <line>
      <![CDATA[clickOnCreateUser :]]>
    </line>
    <line>
      <![CDATA[searchUserName :pakale]]>
    </line>
    <line>
      <![CDATA[selectUser :]]>
    </line>
    <line>
      <![CDATA[clickOnDeleteBTN :]]>
    </line>
    <line>
      <![CDATA[Text :Are you sure you want to delete this user account?]]>
    </line>
    <line>
      <![CDATA[JavaScriptPopUp :]]>
    </line>
    <line>
      <![CDATA[clearSearchText :]]>
    </line>
    <line>
      <![CDATA[searchUserName :pakale]]>
    </line>
    <line>
      <![CDATA[Title is matching: 
Expected title is :actiTIME - User List]]>
    </line>
    <line>
      <![CDATA[Actual Title is   :actiTIME - User List]]>
    </line>
    <line>
      <![CDATA[verifyTitle :actiTIME - User List]]>
    </line>
    <line>
      <![CDATA[clickOnLogOut :]]>
    </line>
  </reporter-output>
  <suite started-at="2019-03-20T10:18:19Z" name="Default suite" finished-at="2019-03-20T10:19:34Z" duration-ms="74768">
    <groups>
    </groups>
    <test started-at="2019-03-20T10:18:19Z" name="Default test" finished-at="2019-03-20T10:19:34Z" duration-ms="74768">
      <class name="com.actiTime.test.TC06Test">
        <test-method is-config="true" signature="preCondition()[pri:0, instance:com.actiTime.test.TC06Test@437da279]" started-at="2019-03-20T10:18:19Z" name="preCondition" finished-at="2019-03-20T10:18:25Z" duration-ms="5650" status="PASS">
          <reporter-output>
          </reporter-output>
        </test-method> <!-- preCondition -->
        <test-method signature="testTC06()[pri:1, instance:com.actiTime.test.TC06Test@437da279]" started-at="2019-03-20T10:18:25Z" name="testTC06" finished-at="2019-03-20T10:19:33Z" duration-ms="68032" status="PASS">
          <reporter-output>
            <line>
              <![CDATA[UserName :admin]]>
            </line>
            <line>
              <![CDATA[Password :manager]]>
            </line>
            <line>
              <![CDATA[click on login button]]>
            </line>
            <line>
              <![CDATA[Click on UserMenu :]]>
            </line>
            <line>
              <![CDATA[Click on Add user button :]]>
            </line>
            <line>
              <![CDATA[Enter first name :shekhar]]>
            </line>
            <line>
              <![CDATA[Enter middle name :m]]>
            </line>
            <line>
              <![CDATA[Enter last name :pakale]]>
            </line>
            <line>
              <![CDATA[Enter email id :shekhar.pakale@gmail.com]]>
            </line>
            <line>
              <![CDATA[Enter user name :shekhar123]]>
            </line>
            <line>
              <![CDATA[Enter password :pass123]]>
            </line>
            <line>
              <![CDATA[Enter confirm password :pass123]]>
            </line>
            <line>
              <![CDATA[Click on Date picker :[[FirefoxDriver: firefox on WINDOWS (476194df-5ca1-4983-8c02-7b83f3652f05)] -> xpath: //table[@class='x-date-inner']//td]]]>
            </line>
            <line>
              <![CDATA[Click on Date picker :[[FirefoxDriver: firefox on WINDOWS (476194df-5ca1-4983-8c02-7b83f3652f05)] -> xpath: //table[@class='x-date-inner']//td]]]>
            </line>
            <line>
              <![CDATA[Click on Date picker :[[FirefoxDriver: firefox on WINDOWS (476194df-5ca1-4983-8c02-7b83f3652f05)] -> xpath: //table[@class='x-date-inner']//td]]]>
            </line>
            <line>
              <![CDATA[Click on Date picker :[[FirefoxDriver: firefox on WINDOWS (476194df-5ca1-4983-8c02-7b83f3652f05)] -> xpath: //table[@class='x-date-inner']//td]]]>
            </line>
            <line>
              <![CDATA[Click on Date picker :[[FirefoxDriver: firefox on WINDOWS (476194df-5ca1-4983-8c02-7b83f3652f05)] -> xpath: //table[@class='x-date-inner']//td]]]>
            </line>
            <line>
              <![CDATA[Click on Date picker :[[FirefoxDriver: firefox on WINDOWS (476194df-5ca1-4983-8c02-7b83f3652f05)] -> xpath: //table[@class='x-date-inner']//td]]]>
            </line>
            <line>
              <![CDATA[Click on Date picker :[[FirefoxDriver: firefox on WINDOWS (476194df-5ca1-4983-8c02-7b83f3652f05)] -> xpath: //table[@class='x-date-inner']//td]]]>
            </line>
            <line>
              <![CDATA[Click on Date picker :[[FirefoxDriver: firefox on WINDOWS (476194df-5ca1-4983-8c02-7b83f3652f05)] -> xpath: //table[@class='x-date-inner']//td]]]>
            </line>
            <line>
              <![CDATA[Click on Date picker :[[FirefoxDriver: firefox on WINDOWS (476194df-5ca1-4983-8c02-7b83f3652f05)] -> xpath: //table[@class='x-date-inner']//td]]]>
            </line>
            <line>
              <![CDATA[Click on Date picker :[[FirefoxDriver: firefox on WINDOWS (476194df-5ca1-4983-8c02-7b83f3652f05)] -> xpath: //table[@class='x-date-inner']//td]]]>
            </line>
            <line>
              <![CDATA[Click on Date picker :[[FirefoxDriver: firefox on WINDOWS (476194df-5ca1-4983-8c02-7b83f3652f05)] -> xpath: //table[@class='x-date-inner']//td]]]>
            </line>
            <line>
              <![CDATA[Click on Date picker :[[FirefoxDriver: firefox on WINDOWS (476194df-5ca1-4983-8c02-7b83f3652f05)] -> xpath: //table[@class='x-date-inner']//td]]]>
            </line>
            <line>
              <![CDATA[Click on Date picker :[[FirefoxDriver: firefox on WINDOWS (476194df-5ca1-4983-8c02-7b83f3652f05)] -> xpath: //table[@class='x-date-inner']//td]]]>
            </line>
            <line>
              <![CDATA[Click on Date picker :[[FirefoxDriver: firefox on WINDOWS (476194df-5ca1-4983-8c02-7b83f3652f05)] -> xpath: //table[@class='x-date-inner']//td]]]>
            </line>
            <line>
              <![CDATA[Click on Date picker :[[FirefoxDriver: firefox on WINDOWS (476194df-5ca1-4983-8c02-7b83f3652f05)] -> xpath: //table[@class='x-date-inner']//td]]]>
            </line>
            <line>
              <![CDATA[Click on Date picker :[[FirefoxDriver: firefox on WINDOWS (476194df-5ca1-4983-8c02-7b83f3652f05)] -> xpath: //table[@class='x-date-inner']//td]]]>
            </line>
            <line>
              <![CDATA[Click on Date picker :[[FirefoxDriver: firefox on WINDOWS (476194df-5ca1-4983-8c02-7b83f3652f05)] -> xpath: //table[@class='x-date-inner']//td]]]>
            </line>
            <line>
              <![CDATA[Click on Date picker :[[FirefoxDriver: firefox on WINDOWS (476194df-5ca1-4983-8c02-7b83f3652f05)] -> xpath: //table[@class='x-date-inner']//td]]]>
            </line>
            <line>
              <![CDATA[Click on Date picker :[[FirefoxDriver: firefox on WINDOWS (476194df-5ca1-4983-8c02-7b83f3652f05)] -> xpath: //table[@class='x-date-inner']//td]]]>
            </line>
            <line>
              <![CDATA[Click on Date picker :[[FirefoxDriver: firefox on WINDOWS (476194df-5ca1-4983-8c02-7b83f3652f05)] -> xpath: //table[@class='x-date-inner']//td]]]>
            </line>
            <line>
              <![CDATA[Click on Date picker :[[FirefoxDriver: firefox on WINDOWS (476194df-5ca1-4983-8c02-7b83f3652f05)] -> xpath: //table[@class='x-date-inner']//td]]]>
            </line>
            <line>
              <![CDATA[Click on Date picker :[[FirefoxDriver: firefox on WINDOWS (476194df-5ca1-4983-8c02-7b83f3652f05)] -> xpath: //table[@class='x-date-inner']//td]]]>
            </line>
            <line>
              <![CDATA[Click on Date picker :[[FirefoxDriver: firefox on WINDOWS (476194df-5ca1-4983-8c02-7b83f3652f05)] -> xpath: //table[@class='x-date-inner']//td]]]>
            </line>
            <line>
              <![CDATA[scroll the page :]]>
            </line>
            <line>
              <![CDATA[clickOnCorporateSett :]]>
            </line>
            <line>
              <![CDATA[clearWorkSchedule :]]>
            </line>
            <line>
              <![CDATA[enterWorkSchedule : ]]>
            </line>
            <line>
              <![CDATA[clickOnEnterTimeTrack :]]>
            </line>
            <line>
              <![CDATA[clickOnManageCustProject :]]>
            </line>
            <line>
              <![CDATA[clickOnCreateUser :]]>
            </line>
            <line>
              <![CDATA[searchUserName :pakale]]>
            </line>
            <line>
              <![CDATA[selectUser :]]>
            </line>
            <line>
              <![CDATA[clickOnDeleteBTN :]]>
            </line>
            <line>
              <![CDATA[Text :Are you sure you want to delete this user account?]]>
            </line>
            <line>
              <![CDATA[JavaScriptPopUp :]]>
            </line>
            <line>
              <![CDATA[clearSearchText :]]>
            </line>
            <line>
              <![CDATA[searchUserName :pakale]]>
            </line>
            <line>
              <![CDATA[Title is matching: 
Expected title is :actiTIME - User List]]>
            </line>
            <line>
              <![CDATA[Actual Title is   :actiTIME - User List]]>
            </line>
            <line>
              <![CDATA[verifyTitle :actiTIME - User List]]>
            </line>
            <line>
              <![CDATA[clickOnLogOut :]]>
            </line>
          </reporter-output>
        </test-method> <!-- testTC06 -->
        <test-method is-config="true" signature="postCondition(org.testng.ITestResult)[pri:0, instance:com.actiTime.test.TC06Test@437da279]" started-at="2019-03-20T10:19:33Z" name="postCondition" finished-at="2019-03-20T10:19:34Z" duration-ms="1050" status="PASS">
          <params>
            <param index="0">
              <value>
                <![CDATA[[TestResult name=testTC06 status=SUCCESS method=TC06Test.testTC06()[pri:1, instance:com.actiTime.test.TC06Test@437da279] output=UserName :admin]]]>
              </value>
            </param>
          </params>
          <reporter-output>
          </reporter-output>
        </test-method> <!-- postCondition -->
      </class> <!-- com.actiTime.test.TC06Test -->
    </test> <!-- Default test -->
  </suite> <!-- Default suite -->
</testng-results>
